17:04:44.171 karate.env system property was:  
17:04:46.869 request:
1 > POST https://reqres.in/api/login
1 > Accept-Encoding: gzip,deflate
1 > Connection: Keep-Alive
1 > Content-Length: 50
1 > Content-Type: application/json; charset=UTF-8
1 > Host: reqres.in
1 > User-Agent: Apache-HttpClient/4.5.12 (Java/1.8.0_281)
{"email":"eve.holt@reqres.in","password":"pistol"}

17:04:48.546 response time in milliseconds: 1672.11
1 < 200
1 < Access-Control-Allow-Origin: *
1 < CF-Cache-Status: DYNAMIC
1 < CF-RAY: 6268e12bf851de11-BOM
1 < Connection: keep-alive
1 < Content-Length: 29
1 < Content-Type: application/json; charset=utf-8
1 < Date: Wed, 24 Feb 2021 11:34:49 GMT
1 < Etag: W/"1d-lGCrvD6B7Qzk11+2C98+nGhhuec"
1 < Expect-CT: max-age=604800, report-uri="https://report-uri.cloudflare.com/cdn-cgi/beacon/expect-ct"
1 < NEL: {"report_to":"cf-nel","max_age":604800}
1 < Report-To: {"max_age":604800,"group":"cf-nel","endpoints":[{"url":"https:\/\/a.nel.cloudflare.com\/report?s=elEXCOdRipHe4dRbtoP2E2FZeyUwf0gC0lCR7T5%2Br8dAqSMg8dU%2FuD%2Bbb3ueEH8W%2F%2Fsvck6dGLs7PaHBa4NMZuKgO%2Bx4OocexG8%3D"}]}
1 < Server: cloudflare
1 < Set-Cookie: __cfduid=d81b1fc063289f9d246dfafa34978430b1614166488; expires=Fri, 26-Mar-21 11:34:48 GMT; path=/; domain=.reqres.in; HttpOnly; SameSite=Lax; Secure
1 < Via: 1.1 vegur
1 < X-Powered-By: Express
1 < cf-request-id: 08756b0f800000de11d18ed000000001
{"token":"QpwL5tke4Pnpja7X4"}

17:04:48.787 karate.env system property was:  
17:04:48.799 request:
1 > POST https://reqres.in/api/register
1 > Accept-Encoding: gzip,deflate
1 > Connection: Keep-Alive
1 > Content-Length: 50
1 > Content-Type: application/json; charset=UTF-8
1 > Host: reqres.in
1 > User-Agent: Apache-HttpClient/4.5.12 (Java/1.8.0_281)
{"email":"eve.holt@reqres.in","password":"pistol"}

17:04:49.454 response time in milliseconds: 653.67
1 < 200
1 < Access-Control-Allow-Origin: *
1 < CF-Cache-Status: DYNAMIC
1 < CF-RAY: 6268e132180ede56-BOM
1 < Connection: keep-alive
1 < Content-Length: 36
1 < Content-Type: application/json; charset=utf-8
1 < Date: Wed, 24 Feb 2021 11:34:50 GMT
1 < Etag: W/"24-4iP0za1geN2he+ohu8F0FhCjLks"
1 < Expect-CT: max-age=604800, report-uri="https://report-uri.cloudflare.com/cdn-cgi/beacon/expect-ct"
1 < NEL: {"report_to":"cf-nel","max_age":604800}
1 < Report-To: {"endpoints":[{"url":"https:\/\/a.nel.cloudflare.com\/report?s=6jwyvy7uAIueqHGz41mPffGVlpVtWkKTg%2B9jb8qO1Mgl00nRcs7KDrs9ZY4WyGHLI8VqIBTaR7aDNZFQjXLEIP99rG%2FuJrDxNK0%3D"}],"group":"cf-nel","max_age":604800}
1 < Server: cloudflare
1 < Set-Cookie: __cfduid=d67309ecb36e948ef2a611f7d4ccda0131614166489; expires=Fri, 26-Mar-21 11:34:49 GMT; path=/; domain=.reqres.in; HttpOnly; SameSite=Lax; Secure
1 < Via: 1.1 vegur
1 < X-Powered-By: Express
1 < cf-request-id: 08756b13510000de56e8223000000001
{"id":4,"token":"QpwL5tke4Pnpja7X4"}

17:04:49.519 karate.env system property was:  
17:04:49.545 request:
1 > GET https://reqres.in/api/users?page=1
1 > Accept-Encoding: gzip,deflate
1 > Connection: Keep-Alive
1 > Host: reqres.in
1 > User-Agent: Apache-HttpClient/4.5.12 (Java/1.8.0_281)

17:04:49.811 response time in milliseconds: 262.39
1 < 200
1 < Access-Control-Allow-Origin: *
1 < Age: 4667
1 < CF-Cache-Status: HIT
1 < CF-RAY: 6268e1368fe6de7a-BOM
1 < Cache-Control: max-age=14400
1 < Connection: keep-alive
1 < Content-Type: application/json; charset=utf-8
1 < Date: Wed, 24 Feb 2021 11:34:50 GMT
1 < Etag: W/"3e4-2RLXvr5wTg9YQ6aH95CkYoFNuO8"
1 < Expect-CT: max-age=604800, report-uri="https://report-uri.cloudflare.com/cdn-cgi/beacon/expect-ct"
1 < NEL: {"report_to":"cf-nel","max_age":604800}
1 < Report-To: {"max_age":604800,"group":"cf-nel","endpoints":[{"url":"https:\/\/a.nel.cloudflare.com\/report?s=iUcqNjkHxEbStK1M2exx79v2LyAP8SQUNZmA1aBWNfXdKAn6zxvqqx08yorNjqM%2BDe6XNyLZ%2FDWQL4s8xC5YDUFAlSd1MsHeT%2Bg%3D"}]}
1 < Server: cloudflare
1 < Set-Cookie: __cfduid=d77b8b3d860d8098e78517b734147e2671614166490; expires=Fri, 26-Mar-21 11:34:50 GMT; path=/; domain=.reqres.in; HttpOnly; SameSite=Lax; Secure
1 < Transfer-Encoding: chunked
1 < Vary: Accept-Encoding
1 < Via: 1.1 vegur
1 < X-Powered-By: Express
1 < cf-request-id: 08756b16190000de7a8cadb000000001
{"page":1,"per_page":6,"total":12,"total_pages":2,"data":[{"id":1,"email":"george.bluth@reqres.in","first_name":"George","last_name":"Bluth","avatar":"https://reqres.in/img/faces/1-image.jpg"},{"id":2,"email":"janet.weaver@reqres.in","first_name":"Janet","last_name":"Weaver","avatar":"https://reqres.in/img/faces/2-image.jpg"},{"id":3,"email":"emma.wong@reqres.in","first_name":"Emma","last_name":"Wong","avatar":"https://reqres.in/img/faces/3-image.jpg"},{"id":4,"email":"eve.holt@reqres.in","first_name":"Eve","last_name":"Holt","avatar":"https://reqres.in/img/faces/4-image.jpg"},{"id":5,"email":"charles.morris@reqres.in","first_name":"Charles","last_name":"Morris","avatar":"https://reqres.in/img/faces/5-image.jpg"},{"id":6,"email":"tracey.ramos@reqres.in","first_name":"Tracey","last_name":"Ramos","avatar":"https://reqres.in/img/faces/6-image.jpg"}],"support":{"url":"https://reqres.in/#support-heading","text":"To keep ReqRes free, contributions towards server costs are appreciated!"}}

17:04:49.843 karate.env system property was:  
17:04:49.859 request:
1 > GET https://reqres.in/api/users?page=1
1 > Accept-Encoding: gzip,deflate
1 > Connection: Keep-Alive
1 > Host: reqres.in
1 > User-Agent: Apache-HttpClient/4.5.12 (Java/1.8.0_281)

17:04:50.174 response time in milliseconds: 313.60
1 < 200
1 < Access-Control-Allow-Origin: *
1 < Age: 5407
1 < CF-Cache-Status: HIT
1 < CF-RAY: 6268e138f87f31e1-BOM
1 < Cache-Control: max-age=14400
1 < Connection: keep-alive
1 < Content-Type: application/json; charset=utf-8
1 < Date: Wed, 24 Feb 2021 11:34:51 GMT
1 < Etag: W/"3e4-2RLXvr5wTg9YQ6aH95CkYoFNuO8"
1 < Expect-CT: max-age=604800, report-uri="https://report-uri.cloudflare.com/cdn-cgi/beacon/expect-ct"
1 < NEL: {"report_to":"cf-nel","max_age":604800}
1 < Report-To: {"max_age":604800,"group":"cf-nel","endpoints":[{"url":"https:\/\/a.nel.cloudflare.com\/report?s=BrYUMRjdm%2Bf7uoKsh4BHLuqQeUSvBclxVE%2BONTeV%2B8yF5CS%2FgmpBO151P%2F6Z5jM1M2Guvr0o%2BbUebs2AVCpyn7vO1YOHhh2tzYw%3D"}]}
1 < Server: cloudflare
1 < Set-Cookie: __cfduid=d8eb1fdc84526f068634572dd0db869ad1614166491; expires=Fri, 26-Mar-21 11:34:51 GMT; path=/; domain=.reqres.in; HttpOnly; SameSite=Lax; Secure
1 < Transfer-Encoding: chunked
1 < Vary: Accept-Encoding
1 < Via: 1.1 vegur
1 < X-Powered-By: Express
1 < cf-request-id: 08756b179e000031e16fbeb000000001
{"page":1,"per_page":6,"total":12,"total_pages":2,"data":[{"id":1,"email":"george.bluth@reqres.in","first_name":"George","last_name":"Bluth","avatar":"https://reqres.in/img/faces/1-image.jpg"},{"id":2,"email":"janet.weaver@reqres.in","first_name":"Janet","last_name":"Weaver","avatar":"https://reqres.in/img/faces/2-image.jpg"},{"id":3,"email":"emma.wong@reqres.in","first_name":"Emma","last_name":"Wong","avatar":"https://reqres.in/img/faces/3-image.jpg"},{"id":4,"email":"eve.holt@reqres.in","first_name":"Eve","last_name":"Holt","avatar":"https://reqres.in/img/faces/4-image.jpg"},{"id":5,"email":"charles.morris@reqres.in","first_name":"Charles","last_name":"Morris","avatar":"https://reqres.in/img/faces/5-image.jpg"},{"id":6,"email":"tracey.ramos@reqres.in","first_name":"Tracey","last_name":"Ramos","avatar":"https://reqres.in/img/faces/6-image.jpg"}],"support":{"url":"https://reqres.in/#support-heading","text":"To keep ReqRes free, contributions towards server costs are appreciated!"}}

17:04:50.237 [print] George
17:04:50.259 request:
2 > GET https://reqres.in/api/users/1
2 > Accept-Encoding: gzip,deflate
2 > Connection: Keep-Alive
2 > Cookie: __cfduid=d8eb1fdc84526f068634572dd0db869ad1614166491
2 > Host: reqres.in
2 > User-Agent: Apache-HttpClient/4.5.12 (Java/1.8.0_281)

17:04:50.594 response time in milliseconds: 333.50
2 < 200
2 < Access-Control-Allow-Origin: *
2 < Age: 4277
2 < CF-Cache-Status: HIT
2 < CF-RAY: 6268e13b898dde21-BOM
2 < Cache-Control: max-age=14400
2 < Connection: keep-alive
2 < Content-Type: application/json; charset=utf-8
2 < Date: Wed, 24 Feb 2021 11:34:51 GMT
2 < Etag: W/"118-P3iKcVpIgCj9HqYeOOrGLX8qJVc"
2 < Expect-CT: max-age=604800, report-uri="https://report-uri.cloudflare.com/cdn-cgi/beacon/expect-ct"
2 < NEL: {"report_to":"cf-nel","max_age":604800}
2 < Report-To: {"max_age":604800,"group":"cf-nel","endpoints":[{"url":"https:\/\/a.nel.cloudflare.com\/report?s=U46d0BlO4%2Fd53kVt0ANH%2BcptJoLNJuComHanXbj9EMKautnpo6e8dQA2nSGiSalsz%2BojEDYbtNhf2eg3iFtWxgRqaM6qM0usYig%3D"}]}
2 < Server: cloudflare
2 < Transfer-Encoding: chunked
2 < Vary: Accept-Encoding
2 < Via: 1.1 vegur
2 < X-Powered-By: Express
2 < cf-request-id: 08756b19380000de21a2011000000001
{"data":{"id":1,"email":"george.bluth@reqres.in","first_name":"George","last_name":"Bluth","avatar":"https://reqres.in/img/faces/1-image.jpg"},"support":{"url":"https://reqres.in/#support-heading","text":"To keep ReqRes free, contributions towards server costs are appreciated!"}}

17:04:50.614 karate.env system property was:  
17:04:50.631 request:
1 > GET https://reqres.in/api/users/23
1 > Accept-Encoding: gzip,deflate
1 > Connection: Keep-Alive
1 > Host: reqres.in
1 > User-Agent: Apache-HttpClient/4.5.12 (Java/1.8.0_281)

17:04:51.233 response time in milliseconds: 600.84
1 < 404
1 < CF-Cache-Status: EXPIRED
1 < CF-RAY: 6268e13d7f5ade15-BOM
1 < Cache-Control: max-age=14400
1 < Connection: keep-alive
1 < Content-Length: 2
1 < Content-Type: application/json; charset=utf-8
1 < Date: Wed, 24 Feb 2021 11:34:52 GMT
1 < Expect-CT: max-age=604800, report-uri="https://report-uri.cloudflare.com/cdn-cgi/beacon/expect-ct"
1 < NEL: {"report_to":"cf-nel","max_age":604800}
1 < Report-To: {"max_age":604800,"group":"cf-nel","endpoints":[{"url":"https:\/\/a.nel.cloudflare.com\/report?s=Iyb%2BshAaDnjfoKNvrEnfCh8IO1G3GuD6oEHtTOn58lumgRT%2Fy9QHTMQZCAkoy5gJZguBkZaC7WyknrSLuiAFnefxZHeL90rXDPw%3D"}]}
1 < Server: cloudflare
1 < Set-Cookie: __cfduid=d13aaf63bae459981325adba62484a79d1614166491; expires=Fri, 26-Mar-21 11:34:51 GMT; path=/; domain=.reqres.in; HttpOnly; SameSite=Lax; Secure
1 < Vary: Accept-Encoding
1 < access-control-allow-origin: *
1 < cf-request-id: 08756b1a670000de152c8d6000000001
1 < etag: W/"2-vyGp6PvFo4RvsFtPoIWeCReyIC8"
1 < via: 1.1 vegur
1 < x-powered-by: Express
{}

}

eport_to":"cf-nel"}
1 < Pragma: no-cache
1 < Report-To: {"group":"cf-nel","endpoints":[{"url":"https:\/\/a.nel.cloudflare.com\/report?s=C8EBbJDvRmM6105id9nRFfvTR%2BSTwcbVsIvjSymAcwO6cRaEzgNjzfp9o85j%2BfIGA7Uwboh%2FpDGttc9VIMk3XJer9ul8VY3mruTF5k1pvhC5a9Dn3aK6S7kKzMRY"}],"max_age":604800}
1 < Server: cloudflare
1 < Set-Cookie: __cfduid=d0acdbb296a11c70a950882b0bdf3e5991614163579; expires=Fri, 26-Mar-21 10:46:19 GMT; path=/; domain=.typicode.com; HttpOnly; SameSite=Lax
1 < Vary: Origin, X-HTTP-Method-Override, Accept-Encoding
1 < Via: 1.1 vegur
1 < X-Content-Type-Options: nosniff
1 < X-Powered-By: Express
1 < X-Ratelimit-Limit: 1000
1 < X-Ratelimit-Remaining: 999
1 < X-Ratelimit-Reset: 1614163629
1 < cf-request-id: 08753eaa3e0000407e37219000000001
{
  "name": "Test User",
  "username": "testuser",
  "email": "test@user.com",
  "address": {
    "street": "Has No Name",
    "suite": "Apt. 123",
    "city": "Electri",
    "zipcode": "54321-6789"
  },
  "id": 11
}

16:16:19.267 [print] created id is:  11
